<?xml version="1.0" encoding="UTF-8"?>
<!-- Generated by org.testng.reporters.JUnitReportReporter -->
<testsuite hostname="DESKTOP-99N73JI" failures="0" tests="1" name="tc.storelogin" time="16.693" errors="0" timestamp="01 Feb 2021 11:20:14 GMT" skipped="0">
  <testcase classname="tc.storelogin" name="userlogin" time="16.693"/>
</testsuite> <!-- tc.storelogin -->
