<?xml version="1.0" encoding="UTF-8"?>
<!-- Generated by org.testng.reporters.JUnitReportReporter -->
<testsuite hostname="DESKTOP-99N73JI" failures="0" tests="1" name="storeproj.stroeproj.storelogin" time="12.192" errors="0" timestamp="01 Feb 2021 11:07:19 GMT" skipped="0">
  <testcase classname="storeproj.stroeproj.storelogin" name="userlogin" time="12.192"/>
</testsuite> <!-- storeproj.stroeproj.storelogin -->
